<?xml version="1.0" encoding="UTF-8"?>
<beans xmlns="http://www.springframework.org/schema/beans"
	xmlns:xsi="http://www.w3.org/2001/XMLSchema-instance"
	xsi:schemaLocation="http://www.springframework.org/schema/beans 
						http://www.springframework.org/schema/beans/spring-beans-3.0.xsd">

	<bean id="dataSource" class="org.springframework.jdbc.datasource.SimpleDriverDataSource">
		<property name="driverClass" value="com.mysql.jdbc.Driver" />
		<property name="url" value="jdbc:mysql://localhost/testdb?characterEncoding=UTF-8&amp;serverTimezone=UTC" />
		<property name="username" value="root"></property>
		<property name="password" value="mysql"></property>
	</bean>

	<bean id="userService" class="springbook.user.service.UserServiceImpl">
		<property name="userDao" ref="userDao"></property>
		<property name="mailSender" ref="mailSender"></property>
	</bean>


	<bean id="userDao" class="springbook.user.dao.UserDaoJdbc">
		<property name="dataSource" ref="dataSource"></property>
	</bean>

	<bean id="transactionManager"
		  class = "org.springframework.jdbc.datasource.DataSourceTransactionManager">
		<property name="dataSource" ref="dataSource"></property>
	</bean>

	<bean id="mailSender" class="springbook.user.mail.MockMailSender" />

	<bean id="transactionAdvice" class="springbook.user.service.TransactionAdvice">
		<property name="transactionManager" ref="transactionManager"></property>
	</bean>



	<bean id="transactionAdvisor" class="org.springframework.aop.support.DefaultPointcutAdvisor">
		<property name="advice" ref="transactionAdvice"></property>
		<property name="pointcut" ref="transactionPointcut"></property>
	</bean>

	<bean class="org.springframework.aop.framework.autoproxy.DefaultAdvisorAutoProxyCreator"></bean>

	<bean id="transactionPointcut" class="springbook.user.service.NameMatchClassMethodPointcut">
		<property name="mappedClassName" value="*ServiceImpl" ></property>
		<property name="mappedName" value="upgrade*"></property>
	</bean>

	<bean id="testUserService" class="springbook.user.service.UserServiceTest$TestUserServiceImpl" parent="userService"></bean>

</beans>
