<?xml version="1.0" encoding="UTF-8"?>
<beans xmlns="http://www.springframework.org/schema/beans"
       xmlns:xsi="http://www.w3.org/2001/XMLSchema-instance"
       xmlns:context="http://www.springframework.org/schema/context"
       xsi:schemaLocation="http://www.springframework.org/schema/beans http://www.springframework.org/schema/beans/spring-beans.xsd http://www.springframework.org/schema/context http://www.springframework.org/schema/context/spring-context.xsd">


      <bean id="typeClass" class="springbook.learningTest.spring.ioc.bean.TypeClass">
            <property name="flag" value="true"></property>
            <property name="list">
                  <list>
                        <value>Spring</value>
                        <value>IoC</value>
                        <value>DI</value>

                  </list>

            </property>
            <property name="map">
                  <map>
                        <entry key="Kim" value="30" />
                        <entry key="Lee" value="35" />
                        <entry key="Ahn" value="40" />

                  </map>

            </property>
            <property name="settings">
                  <props>
                        <prop key="username">root</prop>
                        <prop key="password">mysql</prop>


                  </props>


            </property>

            <!--<property name="beans">
                  <list>
                        <ref bean="beanA" />
                  </list>
            </property>-->

            <!--util:list, set, map, properties를 사용할 수 있다.
            <util:list>

            </util:list>-->

            <!--빈문자열 표기 시-->
            <!--<property name="str" value=""></property>-->
            <!-- 널정보 저장시 널 태그 -->
            <property name="str"><null></null></property>


      </bean>

      <bean id="typeClass2" class="springbook.learningTest.spring.ioc.bean.TypeClass">
            <property name="flag" value="false"></property>
      </bean>
</beans>