<?xml version="1.0" encoding="UTF-8"?>
<beans xmlns="http://www.springframework.org/schema/beans"
       xmlns:xsi="http://www.w3.org/2001/XMLSchema-instance"
       xmlns:context="http://www.springframework.org/schema/context"
       xsi:schemaLocation="http://www.springframework.org/schema/beans http://www.springframework.org/schema/beans/spring-beans.xsd http://www.springframework.org/schema/context http://www.springframework.org/schema/context/spring-context.xsd">

    <bean id ="hello" class="springbook.learningTest.spring.ioc.bean.Hello">
        <constructor-arg index="0" value="Spring" /> <!--case 1-->
        <constructor-arg index="1" ref="printer" />

       <!-- <constructor-arg type="java.lang.String" value="Spring" />-->

        <!--<constructor-arg name="name" value="Spring" />-->


    </bean>

    <bean id="printer" class="springbook.learningTest.spring.ioc.bean.ConsolePrinter">
    </bean>

    <!-- 자동 와이어링 -->

    <!--autowire 모드 설명-->
    <!--byName : 이름으로 자동 검색해서 printer에 해당하는 빈을 찾는다.-->
    <bean id="hello2" class="springbook.learningTest.spring.ioc.bean.Hello" autowire="byName">
        <property name="name" value="Spring"/>

    </bean>

    <!--beans에서 설정한 코드-->
    <!--<beans default-autowire="byName">


    </beans>
-->
    <!--byType 와이어링-->
    <!--이름이 달라도 빈중에 같은 타입이 있으면 매칭 된다.-->
    <!-- byName은 이름만 매칭해 주면되지만 byType 찾아서 매칭을 해주어야하기 때문에 느리다 -->
    <bean id="hello3" class="springbook.learningTest.spring.ioc.bean.Hello" autowire="byType">
        <property name="name" value="Spring" />

    </bean>

    <context:annotation-config></context:annotation-config>

    <bean id="hello4" class="springbook.learningTest.spring.ioc.bean.Hello" >
        <property name="name" value="Spring" />
    </bean>

    <bean name="test1;test2" class="springbook.learningTest.spring.ioc.bean.Hello">
        <property name="name" value="test"/>
    </bean>

    <bean id="hello5" class="springbook.learningTest.spring.ioc.bean.Hello" init-method="initMethodTest" destroy-method="destroyMethodTest">


    </bean>

    <bean class = "springbook.SimpleConfig" />



</beans>